<?xml version="1.0" encoding="UTF-8"?>
<!-- Generated by org.testng.reporters.JUnitXMLReporter -->
<testsuite ignored="0" hostname="CPDK356" failures="0" tests="3" name="Default test" time="39.518" errors="0" timestamp="2025-02-18T11:49:44 IST">
  <testcase classname="com.SeliniumWebTest1.main.AttendanceTest" name="testAdminLoginAndNavigation" time="12.972"/>
  <testcase classname="com.SeliniumWebTest1.main.AttendanceTest" name="testMarkAttendance" time="6.916"/>
  <testcase classname="com.SeliniumWebTest1.main.AttendanceTest" name="testAttendanceHistory" time="19.527"/>
</testsuite> <!-- Default test -->
