<?xml version="1.0" encoding="UTF-8"?>
<testng-results ignored="0" total="3" passed="3" failed="0" skipped="0">
  <reporter-output>
  </reporter-output>
  <suite started-at="2025-02-18T10:35:59 IST" name="Default suite" finished-at="2025-02-18T10:36:27 IST" duration-ms="27797">
    <groups>
    </groups>
    <test started-at="2025-02-18T10:35:59 IST" name="Default test" finished-at="2025-02-18T10:36:27 IST" duration-ms="27797">
      <class name="com.AttendanceSeliniumTest.main.AttendanceModule.AttendanceTest">
        <test-method is-config="true" signature="LaunchBrowser(org.testng.ITestContext)[pri:0, instance:com.AttendanceSeliniumTest.main.AttendanceModule.AttendanceTest@65045a87]" started-at="2025-02-18T10:35:30 IST" name="LaunchBrowser" finished-at="2025-02-18T10:35:59 IST" duration-ms="29193" status="PASS">
          <params>
            <param index="0">
              <value>
                <![CDATA[org.testng.TestRunner@5c1bd44c]]>
              </value>
            </param>
          </params>
          <reporter-output>
          </reporter-output>
        </test-method> <!-- LaunchBrowser -->
        <test-method signature="testAdminLoginAndNavigation()[pri:1, instance:com.AttendanceSeliniumTest.main.AttendanceModule.AttendanceTest@65045a87]" started-at="2025-02-18T10:35:59 IST" name="testAdminLoginAndNavigation" finished-at="2025-02-18T10:36:04 IST" duration-ms="4299" status="PASS">
          <reporter-output>
          </reporter-output>
        </test-method> <!-- testAdminLoginAndNavigation -->
        <test-method signature="testMarkAttendance()[pri:2, instance:com.AttendanceSeliniumTest.main.AttendanceModule.AttendanceTest@65045a87]" started-at="2025-02-18T10:36:04 IST" name="testMarkAttendance" finished-at="2025-02-18T10:36:12 IST" duration-ms="7942" status="PASS">
          <reporter-output>
          </reporter-output>
        </test-method> <!-- testMarkAttendance -->
        <test-method signature="testAttendanceHistory()[pri:3, instance:com.AttendanceSeliniumTest.main.AttendanceModule.AttendanceTest@65045a87]" started-at="2025-02-18T10:36:12 IST" name="testAttendanceHistory" finished-at="2025-02-18T10:36:27 IST" duration-ms="15482" status="PASS">
          <reporter-output>
          </reporter-output>
        </test-method> <!-- testAttendanceHistory -->
        <test-method is-config="true" signature="CloseBrowser(org.testng.ITestContext)[pri:0, instance:com.AttendanceSeliniumTest.main.AttendanceModule.AttendanceTest@65045a87]" started-at="2025-02-18T10:36:28 IST" name="CloseBrowser" finished-at="2025-02-18T10:36:30 IST" duration-ms="2006" status="PASS">
          <params>
            <param index="0">
              <value>
                <![CDATA[org.testng.TestRunner@5c1bd44c]]>
              </value>
            </param>
          </params>
          <reporter-output>
          </reporter-output>
        </test-method> <!-- CloseBrowser -->
      </class> <!-- com.AttendanceSeliniumTest.main.AttendanceModule.AttendanceTest -->
    </test> <!-- Default test -->
  </suite> <!-- Default suite -->
</testng-results>
