<?xml version="1.0" encoding="UTF-8"?>
<!-- Generated by org.testng.reporters.JUnitXMLReporter -->
<testsuite ignored="0" hostname="CPDK356" failures="0" tests="3" name="Default test" time="27.797" errors="0" timestamp="2025-02-18T10:36:27 IST">
  <testcase classname="com.AttendanceSeliniumTest.main.AttendanceModule.AttendanceTest" name="testAdminLoginAndNavigation" time="4.299"/>
  <testcase classname="com.AttendanceSeliniumTest.main.AttendanceModule.AttendanceTest" name="testMarkAttendance" time="7.942"/>
  <testcase classname="com.AttendanceSeliniumTest.main.AttendanceModule.AttendanceTest" name="testAttendanceHistory" time="15.482"/>
</testsuite> <!-- Default test -->
